<?xml version="1.0" encoding="UTF-8"?>
<!-- Generated by org.testng.reporters.JUnitReportReporter -->
<testsuite hostname="DESKTOP-KEU5R8U" failures="0" tests="3" name="seleniumproject.project" time="14.383" errors="0" timestamp="2023-10-05T10:21:32 IST" skipped="0">
  <testcase classname="seleniumproject.project" name="openURL" time="4.215"/>
  <system-out/>
  <testcase classname="seleniumproject.project" name="bookshelves" time="8.594"/>
  <system-out/>
  <testcase classname="seleniumproject.project" name="Storage" time="1.574"/>
  <system-out/>
</testsuite> <!-- seleniumproject.project -->
